0.3007 	WARNING 	Movie2 stim could not be imported and won't be available
2.1103 	EXP 	Created window1 = Window(allowGUI=False, allowStencil=False, autoLog=True, bitsMode=UNKNOWN, blendMode='avg', color=array([ 0.,  0.,  0.]), colorSpace='rgb', fullscr=UNKNOWN, gamma=None, lms=UNKNOWN, monitor=<psychopy.monitors.calibTools.Monitor instance at 0xf3b2300>, name='window1', pos=[0, 0], screen=0, size=array([1280,  800]), stereo=False, units=u'norm', useFBO=True, viewOri=0.0, viewPos=None, viewScale=None, waitBlanking=True, winType='pyglet')
2.1103 	EXP 	window1: recordFrameIntervals = False
2.2759 	EXP 	window1: recordFrameIntervals = True
2.4595 	EXP 	window1: recordFrameIntervals = False
2.6193 	EXP 	Created instruction = TextStim(alignHoriz='center', alignVert='center', antialias=True, autoLog=True, bold=False, color='white', colorSpace='named', contrast=1.0, depth=0.0, flipHoriz=False, flipVert=False, font='Arial', fontFiles=[], height=0.08, italic=False, name='instruction', opacity=1.0, ori=0, pos=array([ 0.,  0.]), rgb=array([ 255.,  255.,  255.]), text=unicode(...), units=u'norm', win=Window(...), wrapWidth=1)
2.6694 	EXP 	Created instruction = TextStim(alignHoriz='center', alignVert='center', antialias=True, autoLog=True, bold=False, color='white', colorSpace='named', contrast=1.0, depth=0.0, flipHoriz=False, flipVert=False, font='Arial', fontFiles=[], height=0.08, italic=False, name='instruction', opacity=1.0, ori=0, pos=array([ 0.,  0.]), rgb=array([ 255.,  255.,  255.]), text=unicode(...), units=u'norm', win=Window(...), wrapWidth=1)
2.6698 	EXP 	<method-wrapper '__getattribute__' of attributeSetter object at 0x2a7a630>: vertices = array([[-1.5,  1.5],
       [ 1.5,  1.5],
       [ 1.5, -1.5],
       [-1.5, -1.5]])
2.6711 	EXP 	Created targetcontainer = Rect(autoDraw=False, autoLog=True, closeShape=True, contrast=1.0, depth=0.0, fillColor=u'grey', fillColorSpace='named', fillRGB=array([ 128.,  128.,  128.]), interpolate=True, lineColor=u'black', lineColorSpace='named', lineRGB=array([ 0.,  0.,  0.]), lineWidth=1, name='targetcontainer', opacity=1.0, ori=array(0.0), pos=array([ 0.,  0.]), size=array([ 1.,  1.]), units='deg', vertices=ndarray(...), win=Window(...))
2.6715 	EXP 	<method-wrapper '__getattribute__' of attributeSetter object at 0x2a7a630>: vertices = array([[-0.25,  0.25],
       [ 0.25,  0.25],
       [ 0.25, -0.25],
       [-0.25, -0.25]])
2.6736 	EXP 	Created upcue = Rect(autoDraw=False, autoLog=True, closeShape=True, contrast=1.0, depth=-1.0, fillColor=array([ 1.,  1.,  1.]), fillColorSpace='rgb', fillRGB=array([ 1.,  1.,  1.]), interpolate=True, lineColor=array([ 1.,  1.,  1.]), lineColorSpace='rgb', lineRGB=array([ 1.,  1.,  1.]), lineWidth=1, name='upcue', opacity=1.0, ori=array(0.0), pos=array([ 0.,  1.]), size=array([ 1.,  1.]), units='deg', vertices=ndarray(...), win=Window(...))
2.6739 	EXP 	<method-wrapper '__getattribute__' of attributeSetter object at 0x2a7a630>: vertices = array([[-0.25,  0.25],
       [ 0.25,  0.25],
       [ 0.25, -0.25],
       [-0.25, -0.25]])
2.6760 	EXP 	Created downcue = Rect(autoDraw=False, autoLog=True, closeShape=True, contrast=1.0, depth=-2.0, fillColor=array([ 1.,  1.,  1.]), fillColorSpace='rgb', fillRGB=array([ 1.,  1.,  1.]), interpolate=True, lineColor=array([ 1.,  1.,  1.]), lineColorSpace='rgb', lineRGB=array([ 1.,  1.,  1.]), lineWidth=1, name='downcue', opacity=1.0, ori=array(0.0), pos=array([ 0., -1.]), size=array([ 1.,  1.]), units='deg', vertices=ndarray(...), win=Window(...))
2.6764 	EXP 	<method-wrapper '__getattribute__' of attributeSetter object at 0x2a7a630>: vertices = array([[-0.25,  0.25],
       [ 0.25,  0.25],
       [ 0.25, -0.25],
       [-0.25, -0.25]])
2.6785 	EXP 	Created leftcue = Rect(autoDraw=False, autoLog=True, closeShape=True, contrast=1.0, depth=-3.0, fillColor=array([ 1.,  1.,  1.]), fillColorSpace='rgb', fillRGB=array([ 1.,  1.,  1.]), interpolate=True, lineColor=array([ 1.,  1.,  1.]), lineColorSpace='rgb', lineRGB=array([ 1.,  1.,  1.]), lineWidth=1, name='leftcue', opacity=1.0, ori=array(0.0), pos=array([-1.,  0.]), size=array([ 1.,  1.]), units='deg', vertices=ndarray(...), win=Window(...))
2.6788 	EXP 	<method-wrapper '__getattribute__' of attributeSetter object at 0x2a7a630>: vertices = array([[-0.25,  0.25],
       [ 0.25,  0.25],
       [ 0.25, -0.25],
       [-0.25, -0.25]])
2.6811 	EXP 	Created rightcue = Rect(autoDraw=False, autoLog=True, closeShape=True, contrast=1.0, depth=-4.0, fillColor=array([ 1.,  1.,  1.]), fillColorSpace='rgb', fillRGB=array([ 1.,  1.,  1.]), interpolate=True, lineColor=array([ 1.,  1.,  1.]), lineColorSpace='rgb', lineRGB=array([ 1.,  1.,  1.]), lineWidth=1, name='rightcue', opacity=1.0, ori=array(0.0), pos=array([ 1.,  0.]), size=array([ 1.,  1.]), units='deg', vertices=ndarray(...), win=Window(...))
2.6815 	EXP 	<method-wrapper '__getattribute__' of attributeSetter object at 0x2a7a630>: vertices = array([[-0.25,  0.25],
       [ 0.25,  0.25],
       [ 0.25, -0.25],
       [-0.25, -0.25]])
2.6836 	EXP 	Created targetbox = Rect(autoDraw=False, autoLog=True, closeShape=True, contrast=1.0, depth=-5.0, fillColor=array([ 1.,  1.,  1.]), fillColorSpace='rgb', fillRGB=array([ 1.,  1.,  1.]), interpolate=True, lineColor=array([ 1.,  1.,  1.]), lineColorSpace='rgb', lineRGB=array([ 1.,  1.,  1.]), lineWidth=1, name='targetbox', opacity=1.0, ori=array(0.0), pos=array([ 0.,  0.]), size=array([ 1.,  1.]), units='deg', vertices=ndarray(...), win=Window(...))
2.6840 	EXP 	<method-wrapper '__getattribute__' of attributeSetter object at 0x2a7a630>: vertices = array([[-10.5,  10.5],
       [ 10.5,  10.5],
       [ 10.5, -10.5],
       [-10.5, -10.5]])
2.6853 	EXP 	Created targetframe = Rect(autoDraw=False, autoLog=True, closeShape=True, contrast=1.0, depth=0.0, fillColor=u'grey', fillColorSpace='named', fillRGB=array([ 128.,  128.,  128.]), interpolate=True, lineColor=u'black', lineColorSpace='named', lineRGB=array([ 0.,  0.,  0.]), lineWidth=1, name='targetframe', opacity=1.0, ori=array(0.0), pos=array([ 0.,  0.]), size=array([ 1.,  1.]), units='deg', vertices=ndarray(...), win=Window(...))
2.6856 	EXP 	<method-wrapper '__getattribute__' of attributeSetter object at 0x2a7a630>: vertices = array([[-0.25,  0.25],
       [ 0.25,  0.25],
       [ 0.25, -0.25],
       [-0.25, -0.25]])
2.6877 	EXP 	Created targetbox2 = Rect(autoDraw=False, autoLog=True, closeShape=True, contrast=1.0, depth=-2.0, fillColor=array([ 1.,  1.,  1.]), fillColorSpace='rgb', fillRGB=array([ 1.,  1.,  1.]), interpolate=True, lineColor=array([ 1.,  1.,  1.]), lineColorSpace='rgb', lineRGB=array([ 1.,  1.,  1.]), lineWidth=1, name='targetbox2', opacity=1.0, ori=array(0.0), pos=array([ 0.,  0.]), size=array([ 1.,  1.]), units='deg', vertices=ndarray(...), win=Window(...))
2.6880 	EXP 	<method-wrapper '__getattribute__' of attributeSetter object at 0x2a7a630>: vertices = array([[-0.25,  0.25],
       [ 0.25,  0.25],
       [ 0.25, -0.25],
       [-0.25, -0.25]])
2.6902 	EXP 	Created upcue2 = Rect(autoDraw=False, autoLog=True, closeShape=True, contrast=1.0, depth=-3.0, fillColor=array([ 1.,  1.,  1.]), fillColorSpace='rgb', fillRGB=array([ 1.,  1.,  1.]), interpolate=True, lineColor=array([ 1.,  1.,  1.]), lineColorSpace='rgb', lineRGB=array([ 1.,  1.,  1.]), lineWidth=1, name='upcue2', opacity=1.0, ori=array(0.0), pos=array([  0.,  10.]), size=array([ 1.,  1.]), units='deg', vertices=ndarray(...), win=Window(...))
2.6905 	EXP 	<method-wrapper '__getattribute__' of attributeSetter object at 0x2a7a630>: vertices = array([[-0.25,  0.25],
       [ 0.25,  0.25],
       [ 0.25, -0.25],
       [-0.25, -0.25]])
2.6926 	EXP 	Created downcue2 = Rect(autoDraw=False, autoLog=True, closeShape=True, contrast=1.0, depth=-4.0, fillColor=array([ 1.,  1.,  1.]), fillColorSpace='rgb', fillRGB=array([ 1.,  1.,  1.]), interpolate=True, lineColor=array([ 1.,  1.,  1.]), lineColorSpace='rgb', lineRGB=array([ 1.,  1.,  1.]), lineWidth=1, name='downcue2', opacity=1.0, ori=array(0.0), pos=array([  0., -10.]), size=array([ 1.,  1.]), units='deg', vertices=ndarray(...), win=Window(...))
2.6929 	EXP 	<method-wrapper '__getattribute__' of attributeSetter object at 0x2a7a630>: vertices = array([[-0.25,  0.25],
       [ 0.25,  0.25],
       [ 0.25, -0.25],
       [-0.25, -0.25]])
2.6951 	EXP 	Created leftcue2 = Rect(autoDraw=False, autoLog=True, closeShape=True, contrast=1.0, depth=-5.0, fillColor=array([ 1.,  1.,  1.]), fillColorSpace='rgb', fillRGB=array([ 1.,  1.,  1.]), interpolate=True, lineColor=array([ 1.,  1.,  1.]), lineColorSpace='rgb', lineRGB=array([ 1.,  1.,  1.]), lineWidth=1, name='leftcue2', opacity=1.0, ori=array(0.0), pos=array([-10.,   0.]), size=array([ 1.,  1.]), units='deg', vertices=ndarray(...), win=Window(...))
2.6955 	EXP 	<method-wrapper '__getattribute__' of attributeSetter object at 0x2a7a630>: vertices = array([[-0.25,  0.25],
       [ 0.25,  0.25],
       [ 0.25, -0.25],
       [-0.25, -0.25]])
2.6976 	EXP 	Created rightcue2 = Rect(autoDraw=False, autoLog=True, closeShape=True, contrast=1.0, depth=-6.0, fillColor=array([ 1.,  1.,  1.]), fillColorSpace='rgb', fillRGB=array([ 1.,  1.,  1.]), interpolate=True, lineColor=array([ 1.,  1.,  1.]), lineColorSpace='rgb', lineRGB=array([ 1.,  1.,  1.]), lineWidth=1, name='rightcue2', opacity=1.0, ori=array(0.0), pos=array([ 10.,   0.]), size=array([ 1.,  1.]), units='deg', vertices=ndarray(...), win=Window(...))
2.7094 	EXP 	instruction: autoDraw = True
3.4936 	DATA 	Keypress: return
3.5120 	EXP 	Imported trail1.xlsx as conditions, 48 conditions, 6 params
3.5124 	EXP 	Created sequence: fullRandom, trialTypes=48, nReps=1, seed=None
3.5831 	EXP 	New trial (rep=0, index=0): {u'downbox': u'green', u'targettest': u'blue', u'corrAns': u'right', u'upbox': u'red', u'rightbox': u'yellow', u'leftbox': u'blue'}
3.5940 	EXP 	instruction: autoDraw = False
3.5940 	EXP 	targetbox2: fillColor = u'blue (named)'
3.5940 	EXP 	targetbox2: lineColor = u'blue (named)'
3.5940 	EXP 	upcue2: fillColor = u'red (named)'
3.5940 	EXP 	upcue2: lineColor = u'red (named)'
3.5940 	EXP 	downcue2: fillColor = u'green (named)'
3.5940 	EXP 	downcue2: lineColor = u'green (named)'
3.5940 	EXP 	leftcue2: fillColor = u'blue (named)'
3.5940 	EXP 	leftcue2: lineColor = u'blue (named)'
3.5940 	EXP 	rightcue2: fillColor = u'yellow (named)'
3.5940 	EXP 	rightcue2: lineColor = u'yellow (named)'
3.5940 	EXP 	targetframe: autoDraw = True
4.1103 	EXP 	upcue2: autoDraw = True
4.1103 	EXP 	downcue2: autoDraw = True
4.1103 	EXP 	leftcue2: autoDraw = True
4.1103 	EXP 	rightcue2: autoDraw = True
5.0944 	EXP 	upcue2: autoDraw = False
5.0944 	EXP 	downcue2: autoDraw = False
5.0944 	EXP 	leftcue2: autoDraw = False
5.0944 	EXP 	rightcue2: autoDraw = False
5.0945 	EXP 	window1: recordFrameIntervals = False
5.1107 	EXP 	window1: recordFrameIntervals = False
7.1249 	EXP 	targetbox2: autoDraw = True
9.5269 	DATA 	Keypress: escape
